\BOOKMARK [0][-]{chapter*.4}{\376\377\000\315\000n\000d\000i\000c\000e\000\040\000d\000e\000\040\000f\000i\000g\000u\000r\000a\000s}{}% 1
\BOOKMARK [0][-]{chapter*.5}{\376\377\000\315\000n\000d\000i\000c\000e\000\040\000d\000e\000\040\000c\000\363\000d\000i\000g\000o\000s}{}% 2
\BOOKMARK [0][-]{chapter.1}{\376\377\000I\000n\000t\000r\000o\000d\000u\000c\000c\000i\000\363\000n\000\040\000y\000\040\000o\000b\000j\000e\000t\000i\000v\000o\000s}{}% 3
\BOOKMARK [1][-]{section.1.1}{\376\377\000C\000o\000n\000t\000e\000x\000t\000o}{chapter.1}% 4
\BOOKMARK [1][-]{section.1.2}{\376\377\000E\000s\000t\000a\000d\000o\000\040\000d\000e\000l\000\040\000a\000r\000t\000e}{chapter.1}% 5
\BOOKMARK [1][-]{section.1.3}{\376\377\000O\000b\000j\000e\000t\000i\000v\000o\000s}{chapter.1}% 6
\BOOKMARK [2][-]{subsection.1.3.1}{\376\377\000O\000b\000j\000e\000t\000i\000v\000o\000s\000\040\000f\000u\000n\000c\000i\000o\000n\000a\000l\000e\000s}{section.1.3}% 7
\BOOKMARK [2][-]{subsection.1.3.2}{\376\377\000O\000b\000j\000e\000t\000i\000v\000o\000s\000\040\000t\000\351\000c\000n\000i\000c\000o\000s}{section.1.3}% 8
\BOOKMARK [0][-]{chapter.2}{\376\377\000M\000e\000t\000o\000d\000o\000l\000o\000g\000\355\000a}{}% 9
\BOOKMARK [1][-]{section.2.1}{\376\377\000F\000a\000s\000e\000s\000\040\000d\000e\000l\000\040\000P\000r\000o\000y\000e\000c\000t\000o\000\040\000y\000\040\000T\000e\000m\000p\000o\000r\000a\000l\000i\000d\000a\000d}{chapter.2}% 10
\BOOKMARK [0][-]{chapter.3}{\376\377\000D\000e\000s\000c\000r\000i\000p\000c\000i\000\363\000n\000\040\000f\000u\000n\000c\000i\000o\000n\000a\000l}{}% 11
\BOOKMARK [1][-]{section.3.1}{\376\377\000R\000o\000l\000e\000s\000\040\000d\000e\000\040\000U\000s\000u\000a\000r\000i\000o}{chapter.3}% 12
\BOOKMARK [1][-]{section.3.2}{\376\377\000N\000a\000v\000e\000g\000a\000c\000i\000\363\000n\000\040\000y\000\040\000B\000\372\000s\000q\000u\000e\000d\000a\000\040\000d\000e\000\040\000A\000l\000o\000j\000a\000m\000i\000e\000n\000t\000o\000s}{chapter.3}% 13
\BOOKMARK [2][-]{subsection.3.2.1}{\376\377\000C\000a\000t\000\341\000l\000o\000g\000o\000\040\000y\000\040\000F\000i\000l\000t\000r\000a\000d\000o\000\040\000A\000v\000a\000n\000z\000a\000d\000o}{section.3.2}% 14
\BOOKMARK [2][-]{subsection.3.2.2}{\376\377\000D\000e\000t\000a\000l\000l\000e\000s\000\040\000d\000e\000l\000\040\000A\000p\000a\000r\000t\000a\000m\000e\000n\000t\000o\000\040\000e\000\040\000I\000n\000t\000e\000r\000f\000a\000z\000\040\000d\000e\000\040\000P\000r\000e\000c\000i\000o\000s}{section.3.2}% 15
\BOOKMARK [1][-]{section.3.3}{\376\377\000G\000e\000s\000t\000i\000\363\000n\000\040\000d\000e\000l\000\040\000C\000i\000c\000l\000o\000\040\000d\000e\000\040\000V\000i\000d\000a\000\040\000d\000e\000\040\000l\000a\000\040\000R\000e\000s\000e\000r\000v\000a}{chapter.3}% 16
\BOOKMARK [2][-]{subsection.3.3.1}{\376\377\000S\000i\000n\000c\000r\000o\000n\000i\000z\000a\000c\000i\000\363\000n\000\040\000y\000\040\000N\000o\000t\000i\000f\000i\000c\000a\000c\000i\000o\000n\000e\000s}{section.3.3}% 17
\BOOKMARK [1][-]{section.3.4}{\376\377\000\301\000r\000e\000a\000\040\000d\000e\000\040\000U\000s\000u\000a\000r\000i\000o\000\040\000y\000\040\000S\000i\000s\000t\000e\000m\000a\000\040\000d\000e\000\040\000R\000e\000s\000e\000\361\000a\000s}{chapter.3}% 18
\BOOKMARK [2][-]{subsection.3.4.1}{\376\377\000P\000e\000r\000f\000i\000l\000\040\000e\000\040\000H\000i\000s\000t\000o\000r\000i\000a\000l}{section.3.4}% 19
\BOOKMARK [2][-]{subsection.3.4.2}{\376\377\000V\000a\000l\000o\000r\000a\000c\000i\000o\000n\000e\000s\000\040\000y\000\040\000P\000r\000u\000e\000b\000a\000\040\000S\000o\000c\000i\000a\000l}{section.3.4}% 20
\BOOKMARK [1][-]{section.3.5}{\376\377\000P\000a\000n\000e\000l\000\040\000d\000e\000\040\000A\000d\000m\000i\000n\000i\000s\000t\000r\000a\000c\000i\000\363\000n\000\040\000\050\000D\000a\000s\000h\000b\000o\000a\000r\000d\000\051}{chapter.3}% 21
\BOOKMARK [2][-]{subsection.3.5.1}{\376\377\000A\000n\000a\000l\000\355\000t\000i\000c\000a\000\040\000y\000\040\000E\000s\000t\000a\000d\000\355\000s\000t\000i\000c\000a\000s}{section.3.5}% 22
\BOOKMARK [2][-]{subsection.3.5.2}{\376\377\000G\000e\000s\000t\000i\000\363\000n\000\040\000d\000e\000\040\000A\000p\000a\000r\000t\000a\000m\000e\000n\000t\000o\000s\000\040\000\050\000C\000R\000U\000D\000\051}{section.3.5}% 23
\BOOKMARK [2][-]{subsection.3.5.3}{\376\377\000G\000e\000s\000t\000i\000\363\000n\000\040\000d\000e\000\040\000P\000r\000e\000c\000i\000o\000s\000\040\000D\000i\000n\000\341\000m\000i\000c\000o\000s}{section.3.5}% 24
\BOOKMARK [2][-]{subsection.3.5.4}{\376\377\000A\000d\000m\000i\000n\000i\000s\000t\000r\000a\000c\000i\000\363\000n\000\040\000d\000e\000\040\000R\000e\000s\000e\000r\000v\000a\000s}{section.3.5}% 25
\BOOKMARK [0][-]{chapter.4}{\376\377\000D\000e\000s\000c\000r\000i\000p\000c\000i\000\363\000n\000\040\000I\000n\000f\000o\000r\000m\000\341\000t\000i\000c\000a}{}% 26
\BOOKMARK [1][-]{section.4.1}{\376\377\000T\000e\000c\000n\000o\000l\000o\000g\000\355\000a\000s}{chapter.4}% 27
\BOOKMARK [2][-]{subsection.4.1.1}{\376\377\000T\000e\000c\000n\000o\000l\000o\000g\000\355\000a\000s\000\040\000d\000e\000l\000\040\000f\000r\000o\000n\000t\000e\000n\000d}{section.4.1}% 28
\BOOKMARK [2][-]{subsection.4.1.2}{\376\377\000T\000e\000c\000n\000o\000l\000o\000g\000\355\000a\000s\000\040\000d\000e\000l\000\040\000B\000a\000c\000k\000e\000n\000d}{section.4.1}% 29
\BOOKMARK [2][-]{subsection.4.1.3}{\376\377\000P\000e\000r\000s\000i\000s\000t\000e\000n\000c\000i\000a\000\040\000y\000\040\000C\000o\000m\000u\000n\000i\000c\000a\000c\000i\000o\000n\000e\000s}{section.4.1}% 30
\BOOKMARK [1][-]{section.4.2}{\376\377\000H\000e\000r\000r\000a\000m\000i\000e\000n\000t\000a\000s}{chapter.4}% 31
\BOOKMARK [2][-]{subsection.4.2.1}{\376\377\000E\000n\000t\000o\000r\000n\000o\000\040\000d\000e\000\040\000D\000e\000s\000a\000r\000r\000o\000l\000l\000o\000\040\000I\000n\000t\000e\000g\000r\000a\000d\000o\000\040\000\050\000I\000D\000E\000\051}{section.4.2}% 32
\BOOKMARK [2][-]{subsection.4.2.2}{\376\377\000C\000o\000n\000t\000r\000o\000l\000\040\000d\000e\000\040\000V\000e\000r\000s\000i\000o\000n\000e\000s\000\040\000y\000\040\000T\000r\000a\000b\000a\000j\000o\000\040\000C\000o\000l\000a\000b\000o\000r\000a\000t\000i\000v\000o}{section.4.2}% 33
\BOOKMARK [2][-]{subsection.4.2.3}{\376\377\000G\000e\000s\000t\000i\000\363\000n\000\040\000d\000e\000\040\000D\000e\000p\000e\000n\000d\000e\000n\000c\000i\000a\000s\000\040\000y\000\040\000C\000o\000n\000s\000t\000r\000u\000c\000c\000i\000\363\000n}{section.4.2}% 34
\BOOKMARK [2][-]{subsection.4.2.4}{\376\377\000P\000r\000u\000e\000b\000a\000s\000\040\000d\000e\000\040\000I\000n\000t\000e\000g\000r\000a\000c\000i\000\363\000n\000\040\000y\000\040\000D\000o\000c\000u\000m\000e\000n\000t\000a\000c\000i\000\363\000n\000\040\000d\000e\000\040\000A\000P\000I}{section.4.2}% 35
\BOOKMARK [1][-]{section.4.3}{\376\377\000A\000r\000q\000u\000i\000t\000e\000c\000t\000u\000r\000a}{chapter.4}% 36
\BOOKMARK [2][-]{subsection.4.3.1}{\376\377\000D\000e\000s\000p\000l\000i\000e\000g\000u\000e}{section.4.3}% 37
\BOOKMARK [2][-]{subsection.4.3.2}{\376\377\000M\000o\000d\000e\000l\000o\000\040\000d\000e\000l\000\040\000D\000o\000m\000i\000n\000i\000o}{section.4.3}% 38
\BOOKMARK [2][-]{subsection.4.3.3}{\376\377\000A\000P\000I\000\040\000R\000E\000S\000T}{section.4.3}% 39
\BOOKMARK [2][-]{subsection.4.3.4}{\376\377\000A\000r\000q\000u\000i\000t\000e\000c\000t\000u\000r\000a\000\040\000d\000e\000l\000\040\000S\000e\000r\000v\000i\000d\000o\000r}{section.4.3}% 40
\BOOKMARK [2][-]{subsection.4.3.5}{\376\377\000A\000r\000q\000u\000i\000t\000e\000c\000t\000u\000r\000a\000\040\000d\000e\000l\000\040\000C\000l\000i\000e\000n\000t\000e}{section.4.3}% 41
\BOOKMARK [1][-]{section.4.4}{\376\377\000I\000m\000p\000l\000e\000m\000e\000n\000t\000a\000c\000i\000\363\000n}{chapter.4}% 42
\BOOKMARK [2][-]{subsection.4.4.1}{\376\377\000G\000e\000s\000t\000i\000\363\000n\000\040\000d\000e\000\040\000A\000u\000t\000e\000n\000t\000i\000c\000a\000c\000i\000\363\000n\000\040\000y\000\040\000S\000e\000g\000u\000r\000i\000d\000a\000d\000\040\000c\000o\000n\000\040\000J\000W\000T}{section.4.4}% 43
\BOOKMARK [2][-]{subsection.4.4.2}{\376\377\000M\000o\000t\000o\000r\000\040\000d\000e\000\040\000P\000r\000e\000c\000i\000o\000s\000\040\000D\000i\000n\000\341\000m\000i\000c\000o\000s}{section.4.4}% 44
\BOOKMARK [2][-]{subsection.4.4.3}{\376\377\000E\000n\000v\000\355\000o\000\040\000d\000e\000\040\000E\000m\000a\000i\000l\000s\000\040\000c\000o\000n\000\040\000J\000a\000v\000a\000M\000a\000i\000l\000S\000e\000n\000d\000e\000r}{section.4.4}% 45
\BOOKMARK [1][-]{section.4.5}{\376\377\000C\000o\000n\000t\000r\000o\000l\000\040\000d\000e\000\040\000c\000a\000l\000i\000d\000a\000d}{chapter.4}% 46
\BOOKMARK [2][-]{subsection.4.5.1}{\376\377\000E\000s\000t\000r\000a\000t\000e\000g\000i\000a\000\040\000d\000e\000\040\000T\000e\000s\000t\000i\000n\000g}{section.4.5}% 47
\BOOKMARK [2][-]{subsection.4.5.2}{\376\377\000P\000r\000u\000e\000b\000a\000s\000\040\000d\000e\000l\000\040\000B\000a\000c\000k\000e\000n\000d}{section.4.5}% 48
\BOOKMARK [2][-]{subsection.4.5.3}{\376\377\000P\000r\000u\000e\000b\000a\000s\000\040\000d\000e\000l\000\040\000f\000r\000o\000n\000t\000e\000n\000d}{section.4.5}% 49
\BOOKMARK [2][-]{subsection.4.5.4}{\376\377\000A\000n\000\341\000l\000i\000s\000i\000s\000\040\000d\000e\000\040\000R\000e\000s\000u\000l\000t\000a\000d\000o\000s}{section.4.5}% 50
\BOOKMARK [1][-]{section.4.6}{\376\377\000D\000e\000s\000p\000l\000i\000e\000g\000u\000e}{chapter.4}% 51
\BOOKMARK [2][-]{subsection.4.6.1}{\376\377\000E\000m\000p\000a\000q\000u\000e\000t\000a\000d\000o\000\040\000y\000\040\000D\000i\000s\000t\000r\000i\000b\000u\000c\000i\000\363\000n}{section.4.6}% 52
\BOOKMARK [2][-]{subsection.4.6.2}{\376\377\000D\000e\000s\000p\000l\000i\000e\000g\000u\000e\000\040\000e\000n\000\040\000l\000a\000\040\000N\000u\000b\000e\000\040\000\050\000A\000W\000S\000\051}{section.4.6}% 53
\BOOKMARK [1][-]{section.4.7}{\376\377\000P\000r\000o\000c\000e\000s\000o\000\040\000d\000e\000\040\000D\000e\000s\000a\000r\000r\000o\000l\000l\000o}{chapter.4}% 54
\BOOKMARK [2][-]{subsection.4.7.1}{\376\377\000G\000e\000s\000t\000i\000\363\000n\000\040\000d\000e\000\040\000T\000a\000r\000e\000a\000s}{section.4.7}% 55
\BOOKMARK [2][-]{subsection.4.7.2}{\376\377\000C\000o\000n\000t\000r\000o\000l\000\040\000d\000e\000\040\000V\000e\000r\000s\000i\000o\000n\000e\000s\000\040\000c\000o\000n\000\040\000G\000i\000t}{section.4.7}% 56
\BOOKMARK [2][-]{subsection.4.7.3}{\376\377\000I\000n\000t\000e\000g\000r\000a\000c\000i\000\363\000n\000\040\000y\000\040\000E\000n\000t\000r\000e\000g\000a\000\040\000C\000o\000n\000t\000i\000n\000u\000a\000\040\000\050\000C\000I\000\051}{section.4.7}% 57
\BOOKMARK [2][-]{subsection.4.7.4}{\376\377\000E\000n\000t\000r\000e\000g\000a\000\040\000C\000o\000n\000t\000i\000n\000u\000a\000\040\000y\000\040\000V\000e\000r\000s\000i\000o\000n\000a\000d\000o}{section.4.7}% 58
\BOOKMARK [0][-]{chapter.5}{\376\377\000C\000o\000n\000c\000l\000u\000s\000i\000o\000n\000e\000s\000\040\000y\000\040\000t\000r\000a\000b\000a\000j\000o\000s\000\040\000f\000u\000t\000u\000r\000o\000s}{}% 59
\BOOKMARK [1][-]{section.5.1}{\376\377\000C\000o\000n\000c\000l\000u\000s\000i\000o\000n\000e\000s}{chapter.5}% 60
\BOOKMARK [2][-]{subsection.5.1.1}{\376\377\000M\000a\000t\000e\000r\000i\000a\000l\000i\000z\000a\000c\000i\000\363\000n\000\040\000d\000e\000\040\000l\000o\000s\000\040\000O\000b\000j\000e\000t\000i\000v\000o\000s\000\040\000F\000u\000n\000c\000i\000o\000n\000a\000l\000e\000s}{section.5.1}% 61
\BOOKMARK [2][-]{subsection.5.1.2}{\376\377\000M\000a\000t\000e\000r\000i\000a\000l\000i\000z\000a\000c\000i\000\363\000n\000\040\000d\000e\000\040\000l\000o\000s\000\040\000O\000b\000j\000e\000t\000i\000v\000o\000s\000\040\000T\000\351\000c\000n\000i\000c\000o\000s}{section.5.1}% 62
\BOOKMARK [2][-]{subsection.5.1.3}{\376\377\000R\000e\000f\000l\000e\000x\000i\000\363\000n\000\040\000P\000e\000r\000s\000o\000n\000a\000l}{section.5.1}% 63
\BOOKMARK [1][-]{section.5.2}{\376\377\000T\000r\000a\000b\000a\000j\000o\000s\000\040\000f\000u\000t\000u\000r\000o\000s}{chapter.5}% 64
\BOOKMARK [2][-]{subsection.5.2.1}{\376\377\000M\000e\000j\000o\000r\000a\000s\000\040\000F\000u\000n\000c\000i\000o\000n\000a\000l\000e\000s}{section.5.2}% 65
\BOOKMARK [2][-]{subsection.5.2.2}{\376\377\000M\000e\000j\000o\000r\000a\000s\000\040\000T\000\351\000c\000n\000i\000c\000a\000s}{section.5.2}% 66
\BOOKMARK [0][-]{section*.60}{\376\377\000B\000i\000b\000l\000i\000o\000g\000r\000a\000f\000\355\000a}{}% 67
\BOOKMARK [0][-]{section*.62}{\376\377\000A\000n\000e\000x\000o\000s}{}% 68
\BOOKMARK [0][-]{appendix.A}{\376\377\000F\000u\000n\000c\000i\000o\000n\000a\000l\000i\000d\000a\000d\000e\000s\000\040\000d\000e\000t\000a\000l\000l\000a\000d\000a\000s}{}% 69
\BOOKMARK [1][-]{section.A.1}{\376\377\000F\000u\000n\000c\000i\000o\000n\000a\000l\000i\000d\000a\000d\000e\000s\000\040\000B\000\341\000s\000i\000c\000a\000s}{appendix.A}% 70
\BOOKMARK [1][-]{section.A.2}{\376\377\000F\000u\000n\000c\000i\000o\000n\000a\000l\000i\000d\000a\000d\000e\000s\000\040\000I\000n\000t\000e\000r\000m\000e\000d\000i\000a\000s}{appendix.A}% 71
\BOOKMARK [1][-]{section.A.3}{\376\377\000F\000u\000n\000c\000i\000o\000n\000a\000l\000i\000d\000a\000d\000e\000s\000\040\000A\000v\000a\000n\000z\000a\000d\000a\000s}{appendix.A}% 72
\BOOKMARK [0][-]{appendix.B}{\376\377\000I\000n\000s\000t\000r\000u\000c\000c\000i\000o\000n\000e\000s\000\040\000p\000a\000r\000a\000\040\000e\000j\000e\000c\000u\000t\000a\000r\000\040\000l\000a\000\040\000a\000p\000l\000i\000c\000a\000c\000i\000\363\000n}{}% 73
\BOOKMARK [1][-]{section.B.1}{\376\377\000R\000e\000q\000u\000i\000s\000i\000t\000o\000s\000\040\000P\000r\000e\000v\000i\000o\000s}{appendix.B}% 74
\BOOKMARK [2][-]{subsection.B.1.1}{\376\377\000I\000n\000s\000t\000a\000l\000a\000c\000i\000\363\000n\000\040\000d\000e\000\040\000D\000o\000c\000k\000e\000r}{section.B.1}% 75
\BOOKMARK [2][-]{subsection.B.1.2}{\376\377\000V\000e\000r\000i\000f\000i\000c\000a\000c\000i\000\363\000n\000\040\000d\000e\000\040\000l\000a\000\040\000i\000n\000s\000t\000a\000l\000a\000c\000i\000\363\000n}{section.B.1}% 76
\BOOKMARK [1][-]{section.B.2}{\376\377\000E\000j\000e\000c\000u\000c\000i\000\363\000n\000\040\000d\000e\000\040\000l\000a\000\040\000A\000p\000l\000i\000c\000a\000c\000i\000\363\000n}{appendix.B}% 77
\BOOKMARK [2][-]{subsection.B.2.1}{\376\377\000O\000p\000c\000i\000\363\000n\000\040\0001\000:\000\040\000M\000e\000d\000i\000a\000n\000t\000e\000\040\000r\000e\000g\000i\000s\000t\000r\000o\000\040\000d\000e\000\040\000D\000o\000c\000k\000e\000r\000H\000u\000b\000\040\000\050\000R\000e\000c\000o\000m\000e\000n\000d\000a\000d\000a\000\051}{section.B.2}% 78
\BOOKMARK [2][-]{subsection.B.2.2}{\376\377\000O\000p\000c\000i\000\363\000n\000\040\0002\000:\000\040\000M\000e\000d\000i\000a\000n\000t\000e\000\040\000a\000r\000c\000h\000i\000v\000o\000\040\000d\000o\000c\000k\000e\000r\000-\000c\000o\000m\000p\000o\000s\000e\000.\000y\000m\000l}{section.B.2}% 79
\BOOKMARK [1][-]{section.B.3}{\376\377\000V\000a\000r\000i\000a\000b\000l\000e\000s\000\040\000d\000e\000\040\000E\000n\000t\000o\000r\000n\000o}{appendix.B}% 80
\BOOKMARK [1][-]{section.B.4}{\376\377\000A\000c\000c\000e\000s\000o\000\040\000a\000\040\000l\000a\000\040\000A\000p\000l\000i\000c\000a\000c\000i\000\363\000n\000\040\000y\000\040\000D\000a\000t\000o\000s\000\040\000d\000e\000\040\000P\000r\000u\000e\000b\000a}{appendix.B}% 81
\BOOKMARK [2][-]{subsection.B.4.1}{\376\377\000I\000n\000t\000e\000r\000f\000a\000z\000\040\000W\000e\000b}{section.B.4}% 82
\BOOKMARK [2][-]{subsection.B.4.2}{\376\377\000C\000r\000e\000d\000e\000n\000c\000i\000a\000l\000e\000s\000\040\000d\000e\000\040\000a\000c\000c\000e\000s\000o}{section.B.4}% 83
\BOOKMARK [2][-]{subsection.B.4.3}{\376\377\000D\000a\000t\000o\000s\000\040\000d\000e\000\040\000e\000j\000e\000m\000p\000l\000o\000\040\000i\000n\000c\000l\000u\000i\000d\000o\000s}{section.B.4}% 84
\BOOKMARK [1][-]{section.B.5}{\376\377\000A\000d\000m\000i\000n\000i\000s\000t\000r\000a\000c\000i\000\363\000n\000\040\000d\000e\000\040\000l\000a\000\040\000A\000p\000l\000i\000c\000a\000c\000i\000\363\000n}{appendix.B}% 85
\BOOKMARK [1][-]{section.B.6}{\376\377\000R\000e\000s\000o\000l\000u\000c\000i\000\363\000n\000\040\000d\000e\000\040\000P\000r\000o\000b\000l\000e\000m\000a\000s}{appendix.B}% 86
\BOOKMARK [2][-]{subsection.B.6.1}{\376\377\000P\000u\000e\000r\000t\000o\000\040\000y\000a\000\040\000e\000n\000\040\000u\000s\000o}{section.B.6}% 87
\BOOKMARK [2][-]{subsection.B.6.2}{\376\377\000P\000r\000o\000b\000l\000e\000m\000a\000s\000\040\000d\000e\000\040\000c\000o\000n\000e\000x\000i\000\363\000n\000\040\000a\000\040\000l\000a\000\040\000b\000a\000s\000e\000\040\000d\000e\000\040\000d\000a\000t\000o\000s}{section.B.6}% 88
\BOOKMARK [2][-]{subsection.B.6.3}{\376\377\000L\000a\000\040\000a\000p\000l\000i\000c\000a\000c\000i\000\363\000n\000\040\000n\000o\000\040\000c\000a\000r\000g\000a}{section.B.6}% 89
\BOOKMARK [1][-]{section.B.7}{\376\377\000V\000e\000r\000s\000i\000\363\000n\000\040\000d\000e\000\040\000D\000e\000s\000a\000r\000r\000o\000l\000l\000o}{appendix.B}% 90
\BOOKMARK [1][-]{section.B.8}{\376\377\000R\000e\000c\000u\000r\000s\000o\000s\000\040\000A\000d\000i\000c\000i\000o\000n\000a\000l\000e\000s}{appendix.B}% 91
\BOOKMARK [0][-]{appendix.C}{\376\377\000E\000j\000e\000c\000u\000c\000i\000\363\000n\000\040\000y\000\040\000e\000d\000i\000c\000i\000\363\000n\000\040\000d\000e\000\040\000c\000\363\000d\000i\000g\000o}{}% 92
\BOOKMARK [1][-]{section.C.1}{\376\377\000C\000o\000n\000f\000i\000g\000u\000r\000a\000c\000i\000\363\000n\000\040\000d\000e\000l\000\040\000R\000e\000p\000o\000s\000i\000t\000o\000r\000i\000o}{appendix.C}% 93
\BOOKMARK [1][-]{section.C.2}{\376\377\000E\000j\000e\000c\000u\000c\000i\000\363\000n\000\040\000c\000o\000n\000\040\000D\000o\000c\000k\000e\000r\000\040\000C\000o\000m\000p\000o\000s\000e\000\040\000\050\000R\000e\000c\000o\000m\000e\000n\000d\000a\000d\000o\000\051}{appendix.C}% 94
\BOOKMARK [2][-]{subsection.C.2.1}{\376\377\000V\000e\000r\000s\000i\000\363\000n\000\040\000E\000s\000t\000a\000b\000l\000e}{section.C.2}% 95
\BOOKMARK [2][-]{subsection.C.2.2}{\376\377\000V\000e\000r\000s\000i\000\363\000n\000\040\000d\000e\000\040\000D\000e\000s\000a\000r\000r\000o\000l\000l\000o}{section.C.2}% 96
\BOOKMARK [2][-]{subsection.C.2.3}{\376\377\000A\000c\000c\000e\000s\000o\000s\000\040\000a\000\040\000l\000o\000s\000\040\000s\000e\000r\000v\000i\000c\000i\000o\000s}{section.C.2}% 97
\BOOKMARK [1][-]{section.C.3}{\376\377\000E\000j\000e\000c\000u\000c\000i\000\363\000n\000\040\000M\000a\000n\000u\000a\000l\000\040\000\050\000E\000n\000t\000o\000r\000n\000o\000\040\000d\000e\000\040\000D\000e\000s\000a\000r\000r\000o\000l\000l\000o\000\040\000L\000o\000c\000a\000l\000\051}{appendix.C}% 98
\BOOKMARK [2][-]{subsection.C.3.1}{\376\377\000R\000e\000q\000u\000i\000s\000i\000t\000o\000s\000\040\000P\000r\000e\000v\000i\000o\000s}{section.C.3}% 99
\BOOKMARK [2][-]{subsection.C.3.2}{\376\377\000C\000o\000n\000f\000i\000g\000u\000r\000a\000c\000i\000\363\000n\000\040\000d\000e\000\040\000B\000a\000s\000e\000s\000\040\000d\000e\000\040\000D\000a\000t\000o\000s}{section.C.3}% 100
\BOOKMARK [2][-]{subsection.C.3.3}{\376\377\000C\000o\000n\000f\000i\000g\000u\000r\000a\000c\000i\000\363\000n\000\040\000d\000e\000\040\000M\000i\000n\000I\000O}{section.C.3}% 101
\BOOKMARK [2][-]{subsection.C.3.4}{\376\377\000E\000j\000e\000c\000u\000c\000i\000\363\000n\000\040\000d\000e\000l\000\040\000B\000a\000c\000k\000e\000n\000d\000\040\000\050\000M\000i\000c\000r\000o\000s\000e\000r\000v\000i\000c\000i\000o\000s\000\051}{section.C.3}% 102
\BOOKMARK [2][-]{subsection.C.3.5}{\376\377\000E\000j\000e\000c\000u\000c\000i\000\363\000n\000\040\000d\000e\000l\000\040\000F\000r\000o\000n\000t\000e\000n\000d\000\040\000\050\000A\000n\000g\000u\000l\000a\000r\000\051}{section.C.3}% 103
\BOOKMARK [1][-]{section.C.4}{\376\377\000H\000e\000r\000r\000a\000m\000i\000e\000n\000t\000a\000s\000\040\000d\000e\000\040\000D\000e\000s\000a\000r\000r\000o\000l\000l\000o\000\040\000A\000d\000i\000c\000i\000o\000n\000a\000l\000e\000s}{appendix.C}% 104
\BOOKMARK [1][-]{section.C.5}{\376\377\000E\000j\000e\000c\000u\000c\000i\000\363\000n\000\040\000d\000e\000\040\000P\000r\000u\000e\000b\000a\000s\000\040\000A\000u\000t\000o\000m\000\341\000t\000i\000c\000a\000s}{appendix.C}% 105
\BOOKMARK [2][-]{subsection.C.5.1}{\376\377\000P\000r\000u\000e\000b\000a\000s\000\040\000d\000e\000l\000\040\000B\000a\000c\000k\000e\000n\000d}{section.C.5}% 106
\BOOKMARK [2][-]{subsection.C.5.2}{\376\377\000P\000r\000u\000e\000b\000a\000s\000\040\000d\000e\000l\000\040\000F\000r\000o\000n\000t\000e\000n\000d}{section.C.5}% 107
\BOOKMARK [1][-]{section.C.6}{\376\377\000C\000o\000n\000s\000t\000r\000u\000c\000c\000i\000\363\000n\000\040\000d\000e\000\040\000I\000m\000\341\000g\000e\000n\000e\000s\000\040\000D\000o\000c\000k\000e\000r}{appendix.C}% 108
\BOOKMARK [1][-]{section.C.7}{\376\377\000P\000u\000b\000l\000i\000c\000a\000c\000i\000\363\000n\000\040\000y\000\040\000G\000e\000s\000t\000i\000\363\000n\000\040\000d\000e\000\040\000V\000e\000r\000s\000i\000o\000n\000e\000s\000\040\000\050\000R\000e\000l\000e\000a\000s\000e\000s\000\051}{appendix.C}% 109
\BOOKMARK [1][-]{section.C.8}{\376\377\000A\000c\000c\000e\000s\000o\000\040\000a\000\040\000I\000m\000\341\000g\000e\000n\000e\000s\000\040\000P\000u\000b\000l\000i\000c\000a\000d\000a\000s}{appendix.C}% 110
\BOOKMARK [0][-]{appendix.D}{\376\377\000M\000a\000n\000u\000a\000l\000\040\000d\000e\000\040\000u\000s\000u\000a\000r\000i\000o}{}% 111
\BOOKMARK [1][-]{section.D.1}{\376\377\000G\000u\000\355\000a\000\040\000p\000a\000r\000a\000\040\000H\000u\000\351\000s\000p\000e\000d\000e\000s\000\040\000\050\000P\000o\000r\000t\000a\000l\000\040\000P\000\372\000b\000l\000i\000c\000o\000\051}{appendix.D}% 112
\BOOKMARK [2][-]{subsection.D.1.1}{\376\377\000P\000\341\000g\000i\000n\000a\000\040\000P\000r\000i\000n\000c\000i\000p\000a\000l\000\040\000\050\000H\000o\000m\000e\000\051}{section.D.1}% 113
\BOOKMARK [2][-]{subsection.D.1.2}{\376\377\000R\000e\000g\000i\000s\000t\000r\000o\000\040\000e\000\040\000I\000n\000i\000c\000i\000o\000\040\000d\000e\000\040\000S\000e\000s\000i\000\363\000n}{section.D.1}% 114
\BOOKMARK [2][-]{subsection.D.1.3}{\376\377\000E\000x\000p\000l\000o\000r\000a\000n\000d\000o\000\040\000e\000l\000\040\000C\000a\000t\000\341\000l\000o\000g\000o\000\040\000y\000\040\000F\000i\000l\000t\000r\000o\000s}{section.D.1}% 115
\BOOKMARK [2][-]{subsection.D.1.4}{\376\377\000B\000\372\000s\000q\000u\000e\000d\000a\000\040\000p\000o\000r\000\040\000F\000e\000c\000h\000a\000s\000\040\000y\000\040\000P\000r\000o\000c\000e\000s\000o\000\040\000d\000e\000\040\000R\000e\000s\000e\000r\000v\000a}{section.D.1}% 116
\BOOKMARK [2][-]{subsection.D.1.5}{\376\377\000D\000e\000t\000a\000l\000l\000e\000\040\000d\000e\000l\000\040\000A\000p\000a\000r\000t\000a\000m\000e\000n\000t\000o\000\040\000y\000\040\000R\000e\000s\000e\000\361\000a\000s}{section.D.1}% 117
\BOOKMARK [2][-]{subsection.D.1.6}{\376\377\000G\000e\000s\000t\000i\000\363\000n\000\040\000d\000e\000\040\000l\000a\000\040\000C\000u\000e\000n\000t\000a\000\040\000y\000\040\000P\000e\000r\000f\000i\000l\000\040\000P\000e\000r\000s\000o\000n\000a\000l}{section.D.1}% 118
\BOOKMARK [1][-]{section.D.2}{\376\377\000G\000u\000\355\000a\000\040\000d\000e\000\040\000A\000d\000m\000i\000n\000i\000s\000t\000r\000a\000c\000i\000\363\000n\000\040\000\050\000P\000a\000n\000e\000l\000\040\000P\000r\000i\000v\000a\000d\000o\000\051}{appendix.D}% 119
\BOOKMARK [2][-]{subsection.D.2.1}{\376\377\000D\000a\000s\000h\000b\000o\000a\000r\000d\000\040\000A\000n\000a\000l\000\355\000t\000i\000c\000o}{section.D.2}% 120
\BOOKMARK [2][-]{subsection.D.2.2}{\376\377\000G\000e\000s\000t\000i\000\363\000n\000\040\000G\000l\000o\000b\000a\000l\000\040\000d\000e\000\040\000R\000e\000s\000e\000r\000v\000a\000s}{section.D.2}% 121
\BOOKMARK [2][-]{subsection.D.2.3}{\376\377\000G\000e\000s\000t\000i\000\363\000n\000\040\000d\000e\000l\000\040\000C\000a\000t\000\341\000l\000o\000g\000o\000\040\000d\000e\000\040\000A\000p\000a\000r\000t\000a\000m\000e\000n\000t\000o\000s}{section.D.2}% 122
\BOOKMARK [2][-]{subsection.D.2.4}{\376\377\000C\000o\000n\000f\000i\000g\000u\000r\000a\000c\000i\000\363\000n\000\040\000d\000e\000\040\000P\000r\000e\000c\000i\000o\000s\000\040\000D\000i\000n\000\341\000m\000i\000c\000o\000s\000\040\000\050\000F\000i\000l\000t\000r\000o\000s\000\051}{section.D.2}% 123
